<?xml version="1.0" encoding="UTF-8"?>
<testng-results ignored="0" total="1" passed="1" failed="0" skipped="0">
  <reporter-output>
  </reporter-output>
  <suite started-at="2021-05-05T22:03:17 IST" name="Default suite" finished-at="2021-05-05T22:03:43 IST" duration-ms="25806">
    <groups>
    </groups>
    <test started-at="2021-05-05T22:03:17 IST" name="Default test" finished-at="2021-05-05T22:03:43 IST" duration-ms="25806">
      <class name="com.finago.test.ProcountorReceiptTest">
        <test-method is-config="true" signature="setup()[pri:0, instance:com.finago.test.ProcountorReceiptTest@3d121db3]" started-at="2021-05-05T22:03:17 IST" name="setup" finished-at="2021-05-05T22:03:27 IST" duration-ms="9879" status="PASS">
          <reporter-output>
          </reporter-output>
        </test-method> <!-- setup -->
        <test-method signature="upload_csvReceipt_and_view_receipt()[pri:0, instance:com.finago.test.ProcountorReceiptTest@3d121db3]" started-at="2021-05-05T22:03:27 IST" name="upload_csvReceipt_and_view_receipt" finished-at="2021-05-05T22:03:42 IST" duration-ms="15385" status="PASS">
          <reporter-output>
          </reporter-output>
        </test-method> <!-- upload_csvReceipt_and_view_receipt -->
        <test-method is-config="true" signature="closeWebdriver()[pri:0, instance:com.finago.test.ProcountorReceiptTest@3d121db3]" started-at="2021-05-05T22:03:42 IST" name="closeWebdriver" finished-at="2021-05-05T22:03:43 IST" duration-ms="482" status="PASS">
          <reporter-output>
          </reporter-output>
        </test-method> <!-- closeWebdriver -->
      </class> <!-- com.finago.test.ProcountorReceiptTest -->
    </test> <!-- Default test -->
  </suite> <!-- Default suite -->
</testng-results>
